C:\Users\ubira\OneDrive\Área de Trabalho\Programação\Projetos pessoais\Catalogo de filmes\CatalogoFilmes\CatalogoFilmes\_Web\ANGULAR - CatalogoFilmes\crud-angular\dist\out-tsc\app\Models\PeriodicElement.js
C:\Users\ubira\OneDrive\Área de Trabalho\Programação\Projetos pessoais\Catalogo de filmes\CatalogoFilmes\CatalogoFilmes\_Web\ANGULAR - CatalogoFilmes\crud-angular\dist\out-tsc\app\Models\PeriodicElement.js.map
C:\Users\ubira\OneDrive\Área de Trabalho\Programação\Projetos pessoais\Catalogo de filmes\CatalogoFilmes\CatalogoFilmes\_Web\ANGULAR - CatalogoFilmes\crud-angular\dist\out-tsc\app\Services\PeriodicElement.service.js
C:\Users\ubira\OneDrive\Área de Trabalho\Programação\Projetos pessoais\Catalogo de filmes\CatalogoFilmes\CatalogoFilmes\_Web\ANGULAR - CatalogoFilmes\crud-angular\dist\out-tsc\app\Services\PeriodicElement.service.js.map
C:\Users\ubira\OneDrive\Área de Trabalho\Programação\Projetos pessoais\Catalogo de filmes\CatalogoFilmes\CatalogoFilmes\_Web\ANGULAR - CatalogoFilmes\crud-angular\dist\out-tsc\app\shared\element-dialog\element-dialog.component.js
C:\Users\ubira\OneDrive\Área de Trabalho\Programação\Projetos pessoais\Catalogo de filmes\CatalogoFilmes\CatalogoFilmes\_Web\ANGULAR - CatalogoFilmes\crud-angular\dist\out-tsc\app\shared\element-dialog\element-dialog.component.js.map
C:\Users\ubira\OneDrive\Área de Trabalho\Programação\Projetos pessoais\Catalogo de filmes\CatalogoFilmes\CatalogoFilmes\_Web\ANGULAR - CatalogoFilmes\crud-angular\dist\out-tsc\app\views\home\home.component.js
C:\Users\ubira\OneDrive\Área de Trabalho\Programação\Projetos pessoais\Catalogo de filmes\CatalogoFilmes\CatalogoFilmes\_Web\ANGULAR - CatalogoFilmes\crud-angular\dist\out-tsc\app\views\home\home.component.js.map
C:\Users\ubira\OneDrive\Área de Trabalho\Programação\Projetos pessoais\Catalogo de filmes\CatalogoFilmes\CatalogoFilmes\_Web\ANGULAR - CatalogoFilmes\crud-angular\dist\out-tsc\app\app-routing.module.js
C:\Users\ubira\OneDrive\Área de Trabalho\Programação\Projetos pessoais\Catalogo de filmes\CatalogoFilmes\CatalogoFilmes\_Web\ANGULAR - CatalogoFilmes\crud-angular\dist\out-tsc\app\app-routing.module.js.map
C:\Users\ubira\OneDrive\Área de Trabalho\Programação\Projetos pessoais\Catalogo de filmes\CatalogoFilmes\CatalogoFilmes\_Web\ANGULAR - CatalogoFilmes\crud-angular\dist\out-tsc\app\app.component.js
C:\Users\ubira\OneDrive\Área de Trabalho\Programação\Projetos pessoais\Catalogo de filmes\CatalogoFilmes\CatalogoFilmes\_Web\ANGULAR - CatalogoFilmes\crud-angular\dist\out-tsc\app\app.component.js.map
C:\Users\ubira\OneDrive\Área de Trabalho\Programação\Projetos pessoais\Catalogo de filmes\CatalogoFilmes\CatalogoFilmes\_Web\ANGULAR - CatalogoFilmes\crud-angular\dist\out-tsc\app\shared\header\header.component.js
C:\Users\ubira\OneDrive\Área de Trabalho\Programação\Projetos pessoais\Catalogo de filmes\CatalogoFilmes\CatalogoFilmes\_Web\ANGULAR - CatalogoFilmes\crud-angular\dist\out-tsc\app\shared\header\header.component.js.map
C:\Users\ubira\OneDrive\Área de Trabalho\Programação\Projetos pessoais\Catalogo de filmes\CatalogoFilmes\CatalogoFilmes\_Web\ANGULAR - CatalogoFilmes\crud-angular\dist\out-tsc\app\shared\footer\footer.component.js
C:\Users\ubira\OneDrive\Área de Trabalho\Programação\Projetos pessoais\Catalogo de filmes\CatalogoFilmes\CatalogoFilmes\_Web\ANGULAR - CatalogoFilmes\crud-angular\dist\out-tsc\app\shared\footer\footer.component.js.map
C:\Users\ubira\OneDrive\Área de Trabalho\Programação\Projetos pessoais\Catalogo de filmes\CatalogoFilmes\CatalogoFilmes\_Web\ANGULAR - CatalogoFilmes\crud-angular\dist\out-tsc\app\app.module.js
C:\Users\ubira\OneDrive\Área de Trabalho\Programação\Projetos pessoais\Catalogo de filmes\CatalogoFilmes\CatalogoFilmes\_Web\ANGULAR - CatalogoFilmes\crud-angular\dist\out-tsc\app\app.module.js.map
C:\Users\ubira\OneDrive\Área de Trabalho\Programação\Projetos pessoais\Catalogo de filmes\CatalogoFilmes\CatalogoFilmes\_Web\ANGULAR - CatalogoFilmes\crud-angular\dist\out-tsc\environments\environment.js
C:\Users\ubira\OneDrive\Área de Trabalho\Programação\Projetos pessoais\Catalogo de filmes\CatalogoFilmes\CatalogoFilmes\_Web\ANGULAR - CatalogoFilmes\crud-angular\dist\out-tsc\environments\environment.js.map
C:\Users\ubira\OneDrive\Área de Trabalho\Programação\Projetos pessoais\Catalogo de filmes\CatalogoFilmes\CatalogoFilmes\_Web\ANGULAR - CatalogoFilmes\crud-angular\dist\out-tsc\main.js
C:\Users\ubira\OneDrive\Área de Trabalho\Programação\Projetos pessoais\Catalogo de filmes\CatalogoFilmes\CatalogoFilmes\_Web\ANGULAR - CatalogoFilmes\crud-angular\dist\out-tsc\main.js.map
C:\Users\ubira\OneDrive\Área de Trabalho\Programação\Projetos pessoais\Catalogo de filmes\CatalogoFilmes\CatalogoFilmes\_Web\ANGULAR - CatalogoFilmes\crud-angular\dist\out-tsc\polyfills.js
C:\Users\ubira\OneDrive\Área de Trabalho\Programação\Projetos pessoais\Catalogo de filmes\CatalogoFilmes\CatalogoFilmes\_Web\ANGULAR - CatalogoFilmes\crud-angular\dist\out-tsc\polyfills.js.map
C:\Users\ubira\OneDrive\Área de Trabalho\Programação\Projetos pessoais\Catalogo de filmes\CatalogoFilmes\CatalogoFilmes\_Web\ANGULAR - CatalogoFilmes\crud-angular\dist\out-tsc\test.js
C:\Users\ubira\OneDrive\Área de Trabalho\Programação\Projetos pessoais\Catalogo de filmes\CatalogoFilmes\CatalogoFilmes\_Web\ANGULAR - CatalogoFilmes\crud-angular\dist\out-tsc\test.js.map
C:\Users\ubira\OneDrive\Área de Trabalho\Programação\Projetos pessoais\Catalogo de filmes\CatalogoFilmes\CatalogoFilmes\_Web\ANGULAR - CatalogoFilmes\crud-angular\dist\out-tsc\app\app.component.spec.js
C:\Users\ubira\OneDrive\Área de Trabalho\Programação\Projetos pessoais\Catalogo de filmes\CatalogoFilmes\CatalogoFilmes\_Web\ANGULAR - CatalogoFilmes\crud-angular\dist\out-tsc\app\app.component.spec.js.map
C:\Users\ubira\OneDrive\Área de Trabalho\Programação\Projetos pessoais\Catalogo de filmes\CatalogoFilmes\CatalogoFilmes\_Web\ANGULAR - CatalogoFilmes\crud-angular\dist\out-tsc\environments\environment.prod.js
C:\Users\ubira\OneDrive\Área de Trabalho\Programação\Projetos pessoais\Catalogo de filmes\CatalogoFilmes\CatalogoFilmes\_Web\ANGULAR - CatalogoFilmes\crud-angular\dist\out-tsc\environments\environment.prod.js.map
